2024-07-05 14:49:26,917 - Debugging .....
2024-07-05 14:49:26,949 - ******** Creating User **************
2024-07-05 14:49:30,759 - ******** User Created **************
2024-07-05 14:49:30,766 - ******** Getting  User Info **************
2024-07-05 14:49:32,902 - ******** User info Displayed  **************
2024-07-05 14:49:32,904 - ******** Updating User **************
2024-07-05 14:49:33,958 - ******** User is updated **************
2024-07-05 14:49:33,960 - ******** Deleting User **************
2024-07-05 14:49:35,020 - ******** User Deleted **************
2024-07-05 14:49:35,063 - Debugging petStore API.....
2024-07-05 14:49:35,064 - ******** Creating New Pet **************
2024-07-05 14:49:36,112 - ******** New Pet Created **************
2024-07-05 14:49:36,113 - ******** Creating New Pet **************
2024-07-05 14:49:37,159 - ******** New Pet Created **************
2024-07-05 14:49:37,161 - ******** Creating New Pet **************
2024-07-05 14:49:38,192 - ******** New Pet Created **************
2024-07-05 14:49:38,194 - ******** Creating New Pet **************
2024-07-05 14:49:39,223 - ******** New Pet Created **************
2024-07-05 14:49:39,225 - ******** Creating New Pet **************
2024-07-05 14:49:40,622 - ******** New Pet Created **************
2024-07-05 14:49:40,628 - ***************Store Debug Started *************
2024-07-05 14:49:40,630 - ******** Creating new pet Records **************
2024-07-05 14:49:41,685 - ******** new pet Record Created **************
2024-07-05 14:49:41,699 - ******** Getting Pet Order Details **************
2024-07-05 14:49:42,735 - ******** Pet Order Detailes Retrieved  **************
2024-07-05 14:49:42,737 - ******** Getting Inventroy of Pet Store By Status **************
2024-07-05 14:49:43,753 - ******** Invetory Displayed by Status **************
2024-07-05 14:49:43,755 - ******** Deleting pet Records **************
2024-07-05 14:49:44,781 - ******** pet Records deleted **************
2024-07-05 14:49:49,563 - Debugging .....
2024-07-05 14:49:49,596 - ******** Creating User **************
2024-07-05 14:49:53,204 - ******** User Created **************
2024-07-05 14:49:53,210 - ******** Getting  User Info **************
2024-07-05 14:49:55,101 - ******** User info Displayed  **************
2024-07-05 14:49:55,104 - ******** Updating User **************
2024-07-05 14:49:56,157 - ******** User is updated **************
2024-07-05 14:49:56,160 - ******** Deleting User **************
2024-07-05 14:49:57,231 - ******** User Deleted **************
2024-07-05 14:49:57,274 - Debugging petStore API.....
2024-07-05 14:49:57,275 - ******** Creating New Pet **************
2024-07-05 14:49:58,309 - ******** New Pet Created **************
2024-07-05 14:49:58,311 - ******** Creating New Pet **************
2024-07-05 14:49:59,351 - ******** New Pet Created **************
2024-07-05 14:49:59,354 - ******** Creating New Pet **************
2024-07-05 14:50:00,379 - ******** New Pet Created **************
2024-07-05 14:50:00,381 - ******** Creating New Pet **************
2024-07-05 14:50:01,421 - ******** New Pet Created **************
2024-07-05 14:50:01,424 - ******** Creating New Pet **************
2024-07-05 14:50:02,796 - ******** New Pet Created **************
2024-07-05 14:50:02,803 - ***************Store Debug Started *************
2024-07-05 14:50:02,808 - ******** Creating new pet Records **************
2024-07-05 14:50:03,869 - ******** new pet Record Created **************
2024-07-05 14:50:03,871 - ******** Getting Pet Order Details **************
2024-07-05 14:50:04,897 - ******** Pet Order Detailes Retrieved  **************
2024-07-05 14:50:04,899 - ******** Getting Inventroy of Pet Store By Status **************
2024-07-05 14:50:05,907 - ******** Invetory Displayed by Status **************
2024-07-05 14:50:05,909 - ******** Deleting pet Records **************
2024-07-05 14:50:06,940 - ******** pet Records deleted **************
